Conflict in state 36 between rule 23 and token '|' resolved as reduce.
Conflict in state 36 between rule 23 and token '&' resolved as reduce.
Conflict in state 37 between rule 24 and token '|' resolved as reduce.
Conflict in state 37 between rule 24 and token '&' resolved as reduce.
Conflict in state 42 between rule 21 and token '|' resolved as reduce.
Conflict in state 42 between rule 21 and token '&' resolved as reduce.
Conflict in state 43 between rule 22 and token '|' resolved as reduce.
Conflict in state 43 between rule 22 and token '&' resolved as reduce.

Grammar
rule 1    statement_list -> statement_list statement
rule 2    statement_list ->		/* empty */
rule 3    statement -> TC_STRING '=' string_or_value
rule 4    statement -> TC_STRING
rule 5    statement -> EXTENSION '=' cfg_string
rule 6    statement -> T_ZEND_EXTENSION '=' cfg_string
rule 7    statement -> T_ZEND_EXTENSION_TS '=' cfg_string
rule 8    statement -> T_ZEND_EXTENSION_DEBUG '=' cfg_string
rule 9    statement -> T_ZEND_EXTENSION_DEBUG_TS '=' cfg_string
rule 10   statement -> SECTION
rule 11   statement -> '\n'
rule 12   cfg_string -> TC_STRING
rule 13   cfg_string -> TC_ENCAPSULATED_STRING
rule 14   string_or_value -> expr
rule 15   string_or_value -> TC_ENCAPSULATED_STRING
rule 16   string_or_value -> CFG_TRUE
rule 17   string_or_value -> CFG_FALSE
rule 18   string_or_value -> '\n'
rule 19   string_or_value -> '\000'
rule 20   expr -> constant_string
rule 21   expr -> expr '|' expr
rule 22   expr -> expr '&' expr
rule 23   expr -> '~' expr
rule 24   expr -> '!' expr
rule 25   expr -> '(' expr ')'
rule 26   constant_string -> TC_STRING

Terminals, with rules where they appear

$ (-1)
'\n' (10) 11 18
'!' (33) 24
'&' (38) 22
'(' (40) 25
')' (41) 25
'=' (61) 3 5 6 7 8 9
'|' (124) 21
'~' (126) 23
error (256)
TC_STRING (257) 3 4 12 26
TC_ENCAPSULATED_STRING (258) 13 15
SECTION (259) 10
CFG_TRUE (260) 16
CFG_FALSE (261) 17
EXTENSION (262) 5
T_ZEND_EXTENSION (263) 6
T_ZEND_EXTENSION_TS (264) 7
T_ZEND_EXTENSION_DEBUG (265) 8
T_ZEND_EXTENSION_DEBUG_TS (266) 9
'\000' (267) 19

Nonterminals, with rules where they appear

statement_list (22)
    on left: 1 2, on right: 1
statement (23)
    on left: 3 4 5 6 7 8 9 10 11, on right: 1
cfg_string (24)
    on left: 12 13, on right: 5 6 7 8 9
string_or_value (25)
    on left: 14 15 16 17 18 19, on right: 3
expr (26)
    on left: 20 21 22 23 24 25, on right: 14 21 22 23 24 25
constant_string (27)
    on left: 26, on right: 20


state 0

    $default	reduce using rule 2 (statement_list)

    statement_list	go to state 1



state 1

    statement_list  ->  statement_list . statement   (rule 1)

    $   	go to state 44
    TC_STRING	shift, and go to state 2
    SECTION	shift, and go to state 3
    EXTENSION	shift, and go to state 4
    T_ZEND_EXTENSION	shift, and go to state 5
    T_ZEND_EXTENSION_TS	shift, and go to state 6
    T_ZEND_EXTENSION_DEBUG	shift, and go to state 7
    T_ZEND_EXTENSION_DEBUG_TS	shift, and go to state 8
    '\n'	shift, and go to state 9

    statement	go to state 10



state 2

    statement  ->  TC_STRING . '=' string_or_value   (rule 3)
    statement  ->  TC_STRING .   (rule 4)

    '=' 	shift, and go to state 11

    $default	reduce using rule 4 (statement)



state 3

    statement  ->  SECTION .   (rule 10)

    $default	reduce using rule 10 (statement)



state 4

    statement  ->  EXTENSION . '=' cfg_string   (rule 5)

    '=' 	shift, and go to state 12



state 5

    statement  ->  T_ZEND_EXTENSION . '=' cfg_string   (rule 6)

    '=' 	shift, and go to state 13



state 6

    statement  ->  T_ZEND_EXTENSION_TS . '=' cfg_string   (rule 7)

    '=' 	shift, and go to state 14



state 7

    statement  ->  T_ZEND_EXTENSION_DEBUG . '=' cfg_string   (rule 8)

    '=' 	shift, and go to state 15



state 8

    statement  ->  T_ZEND_EXTENSION_DEBUG_TS . '=' cfg_string   (rule 9)

    '=' 	shift, and go to state 16



state 9

    statement  ->  '\n' .   (rule 11)

    $default	reduce using rule 11 (statement)



state 10

    statement_list  ->  statement_list statement .   (rule 1)

    $default	reduce using rule 1 (statement_list)



state 11

    statement  ->  TC_STRING '=' . string_or_value   (rule 3)

    TC_STRING	shift, and go to state 17
    TC_ENCAPSULATED_STRING	shift, and go to state 18
    CFG_TRUE	shift, and go to state 19
    CFG_FALSE	shift, and go to state 20
    '~' 	shift, and go to state 21
    '!' 	shift, and go to state 22
    '\n'	shift, and go to state 23
    '\000'	shift, and go to state 24
    '(' 	shift, and go to state 25

    string_or_value	go to state 26
    expr	go to state 27
    constant_string	go to state 28



state 12

    statement  ->  EXTENSION '=' . cfg_string   (rule 5)

    TC_STRING	shift, and go to state 29
    TC_ENCAPSULATED_STRING	shift, and go to state 30

    cfg_string	go to state 31



state 13

    statement  ->  T_ZEND_EXTENSION '=' . cfg_string   (rule 6)

    TC_STRING	shift, and go to state 29
    TC_ENCAPSULATED_STRING	shift, and go to state 30

    cfg_string	go to state 32



state 14

    statement  ->  T_ZEND_EXTENSION_TS '=' . cfg_string   (rule 7)

    TC_STRING	shift, and go to state 29
    TC_ENCAPSULATED_STRING	shift, and go to state 30

    cfg_string	go to state 33



state 15

    statement  ->  T_ZEND_EXTENSION_DEBUG '=' . cfg_string   (rule 8)

    TC_STRING	shift, and go to state 29
    TC_ENCAPSULATED_STRING	shift, and go to state 30

    cfg_string	go to state 34



state 16

    statement  ->  T_ZEND_EXTENSION_DEBUG_TS '=' . cfg_string   (rule 9)

    TC_STRING	shift, and go to state 29
    TC_ENCAPSULATED_STRING	shift, and go to state 30

    cfg_string	go to state 35



state 17

    constant_string  ->  TC_STRING .   (rule 26)

    $default	reduce using rule 26 (constant_string)



state 18

    string_or_value  ->  TC_ENCAPSULATED_STRING .   (rule 15)

    $default	reduce using rule 15 (string_or_value)



state 19

    string_or_value  ->  CFG_TRUE .   (rule 16)

    $default	reduce using rule 16 (string_or_value)



state 20

    string_or_value  ->  CFG_FALSE .   (rule 17)

    $default	reduce using rule 17 (string_or_value)



state 21

    expr  ->  '~' . expr   (rule 23)

    TC_STRING	shift, and go to state 17
    '~' 	shift, and go to state 21
    '!' 	shift, and go to state 22
    '(' 	shift, and go to state 25

    expr	go to state 36
    constant_string	go to state 28



state 22

    expr  ->  '!' . expr   (rule 24)

    TC_STRING	shift, and go to state 17
    '~' 	shift, and go to state 21
    '!' 	shift, and go to state 22
    '(' 	shift, and go to state 25

    expr	go to state 37
    constant_string	go to state 28



state 23

    string_or_value  ->  '\n' .   (rule 18)

    $default	reduce using rule 18 (string_or_value)



state 24

    string_or_value  ->  '\000' .   (rule 19)

    $default	reduce using rule 19 (string_or_value)



state 25

    expr  ->  '(' . expr ')'   (rule 25)

    TC_STRING	shift, and go to state 17
    '~' 	shift, and go to state 21
    '!' 	shift, and go to state 22
    '(' 	shift, and go to state 25

    expr	go to state 38
    constant_string	go to state 28



state 26

    statement  ->  TC_STRING '=' string_or_value .   (rule 3)

    $default	reduce using rule 3 (statement)



state 27

    string_or_value  ->  expr .   (rule 14)
    expr  ->  expr . '|' expr   (rule 21)
    expr  ->  expr . '&' expr   (rule 22)

    '|' 	shift, and go to state 39
    '&' 	shift, and go to state 40

    $default	reduce using rule 14 (string_or_value)



state 28

    expr  ->  constant_string .   (rule 20)

    $default	reduce using rule 20 (expr)



state 29

    cfg_string  ->  TC_STRING .   (rule 12)

    $default	reduce using rule 12 (cfg_string)



state 30

    cfg_string  ->  TC_ENCAPSULATED_STRING .   (rule 13)

    $default	reduce using rule 13 (cfg_string)



state 31

    statement  ->  EXTENSION '=' cfg_string .   (rule 5)

    $default	reduce using rule 5 (statement)



state 32

    statement  ->  T_ZEND_EXTENSION '=' cfg_string .   (rule 6)

    $default	reduce using rule 6 (statement)



state 33

    statement  ->  T_ZEND_EXTENSION_TS '=' cfg_string .   (rule 7)

    $default	reduce using rule 7 (statement)



state 34

    statement  ->  T_ZEND_EXTENSION_DEBUG '=' cfg_string .   (rule 8)

    $default	reduce using rule 8 (statement)



state 35

    statement  ->  T_ZEND_EXTENSION_DEBUG_TS '=' cfg_string .   (rule 9)

    $default	reduce using rule 9 (statement)



state 36

    expr  ->  expr . '|' expr   (rule 21)
    expr  ->  expr . '&' expr   (rule 22)
    expr  ->  '~' expr .   (rule 23)


    $default	reduce using rule 23 (expr)



state 37

    expr  ->  expr . '|' expr   (rule 21)
    expr  ->  expr . '&' expr   (rule 22)
    expr  ->  '!' expr .   (rule 24)


    $default	reduce using rule 24 (expr)



state 38

    expr  ->  expr . '|' expr   (rule 21)
    expr  ->  expr . '&' expr   (rule 22)
    expr  ->  '(' expr . ')'   (rule 25)

    '|' 	shift, and go to state 39
    '&' 	shift, and go to state 40
    ')' 	shift, and go to state 41



state 39

    expr  ->  expr '|' . expr   (rule 21)

    TC_STRING	shift, and go to state 17
    '~' 	shift, and go to state 21
    '!' 	shift, and go to state 22
    '(' 	shift, and go to state 25

    expr	go to state 42
    constant_string	go to state 28



state 40

    expr  ->  expr '&' . expr   (rule 22)

    TC_STRING	shift, and go to state 17
    '~' 	shift, and go to state 21
    '!' 	shift, and go to state 22
    '(' 	shift, and go to state 25

    expr	go to state 43
    constant_string	go to state 28



state 41

    expr  ->  '(' expr ')' .   (rule 25)

    $default	reduce using rule 25 (expr)



state 42

    expr  ->  expr . '|' expr   (rule 21)
    expr  ->  expr '|' expr .   (rule 21)
    expr  ->  expr . '&' expr   (rule 22)


    $default	reduce using rule 21 (expr)



state 43

    expr  ->  expr . '|' expr   (rule 21)
    expr  ->  expr . '&' expr   (rule 22)
    expr  ->  expr '&' expr .   (rule 22)


    $default	reduce using rule 22 (expr)



state 44

    $   	go to state 45



state 45

    $default	accept
